#
# There is insufficient memory for the Java Runtime Environment to continue.
# Native memory allocation (malloc) failed to allocate 32744 bytes for ChunkPool::allocate
# Possible reasons:
#   The system is out of physical RAM or swap space
#   The process is running with CompressedOops enabled, and the Java Heap may be blocking the growth of the native heap
# Possible solutions:
#   Reduce memory load on the system
#   Increase physical memory or swap space
#   Check if swap backing store is full
#   Decrease Java heap size (-Xmx/-Xms)
#   Decrease number of Java threads
#   Decrease Java thread stack sizes (-Xss)
#   Set larger code cache with -XX:ReservedCodeCacheSize=
#   JVM is running with Unscaled Compressed Oops mode in which the Java heap is
#     placed in the first 4GB address space. The Java Heap base address is the
#     maximum limit for the native heap growth. Please use -XX:HeapBaseMinAddress
#     to set the Java Heap base and to place the Java Heap above 4GB virtual address.
# This output file may be truncated or incomplete.
#
#  Out of Memory Error (./src/hotspot/share/memory/arena.cpp:81), pid=23348, tid=11980
#
# JRE version: OpenJDK Runtime Environment (11.0.10) (build 11.0.10+0-b96-7249189)
# Java VM: OpenJDK 64-Bit Server VM (11.0.10+0-b96-7249189, mixed mode, tiered, compressed oops, g1 gc, windows-amd64)
# No core dump will be written. Minidumps are not enabled by default on client versions of Windows
#

---------------  S U M M A R Y ------------

Command Line: --add-opens=java.base/java.util=ALL-UNNAMED --add-opens=java.base/java.lang=ALL-UNNAMED --add-opens=java.base/java.lang.invoke=ALL-UNNAMED --add-opens=java.base/java.util=ALL-UNNAMED --add-opens=java.prefs/java.util.prefs=ALL-UNNAMED --add-opens=java.prefs/java.util.prefs=ALL-UNNAMED --add-opens=java.base/java.nio.charset=ALL-UNNAMED --add-opens=java.base/java.net=ALL-UNNAMED --add-opens=java.base/java.util.concurrent.atomic=ALL-UNNAMED -Xmx2048m -Dfile.encoding=UTF-8 -Duser.country=GB -Duser.language=en -Duser.variant org.gradle.launcher.daemon.bootstrap.GradleDaemon 7.0.2

Host: Intel(R) Core(TM) i7-9750H CPU @ 2.60GHz, 12 cores, 7G,  Windows 10 , 64 bit Build 22000 (10.0.22000.434)
Time: Wed Apr 13 14:44:58 2022 Mauritius Standard Time elapsed time: 1770.123524 seconds (0d 0h 29m 30s)

---------------  T H R E A D  ---------------

Current thread (0x000001e1fc6fb800):  JavaThread "C2 CompilerThread0" daemon [_thread_in_native, id=11980, stack(0x0000002a8df00000,0x0000002a8e000000)]


Current CompileTask:
C2:1770123 11736       4       org.gradle.internal.instantiation.generator.AbstractClassGenerator$PropertyMetadata::hasAnnotation (40 bytes)

Stack: [0x0000002a8df00000,0x0000002a8e000000]
Native frames: (J=compiled Java code, j=interpreted, Vv=VM code, C=native code)
V  [jvm.dll+0x5ecfaa]
V  [jvm.dll+0x722bd5]
V  [jvm.dll+0x72412d]
V  [jvm.dll+0x7247e3]
V  [jvm.dll+0x242928]
V  [jvm.dll+0xbc75b]
V  [jvm.dll+0xbca0c]
V  [jvm.dll+0x5cb3f5]
V  [jvm.dll+0x332bd0]
V  [jvm.dll+0x33097e]
V  [jvm.dll+0x606b2a]
V  [jvm.dll+0x609f03]
V  [jvm.dll+0x601fea]
V  [jvm.dll+0x601653]
V  [jvm.dll+0x5ff6a2]
V  [jvm.dll+0x185d3c]
V  [jvm.dll+0x2b40b3]
V  [jvm.dll+0x60a0f9]
V  [jvm.dll+0x601fea]
V  [jvm.dll+0x601653]
V  [jvm.dll+0x5ff6a2]
V  [jvm.dll+0x185d3c]
V  [jvm.dll+0x2b40b3]
V  [jvm.dll+0x60a0f9]
V  [jvm.dll+0x601fea]
V  [jvm.dll+0x601653]
V  [jvm.dll+0x5ff6a2]
V  [jvm.dll+0x185d3c]
V  [jvm.dll+0x2b40b3]
V  [jvm.dll+0x60a0f9]
V  [jvm.dll+0x601fea]
V  [jvm.dll+0x601653]
V  [jvm.dll+0x5ff6a2]
V  [jvm.dll+0x185d3c]
V  [jvm.dll+0x2b40b3]
V  [jvm.dll+0x60a0f9]
V  [jvm.dll+0x601fea]
V  [jvm.dll+0x601653]
V  [jvm.dll+0x5ff6a2]
V  [jvm.dll+0x185d3c]
V  [jvm.dll+0x2b40b3]
V  [jvm.dll+0x60a0f9]
V  [jvm.dll+0x601fea]
V  [jvm.dll+0x601653]
V  [jvm.dll+0x5ff6a2]
V  [jvm.dll+0x185d3c]
V  [jvm.dll+0x1fa515]
V  [jvm.dll+0x18354c]
V  [jvm.dll+0x208ee7]
V  [jvm.dll+0x207731]
V  [jvm.dll+0x6eb1cf]
V  [jvm.dll+0x6e3d45]
V  [jvm.dll+0x5ebe96]
C  [ucrtbase.dll+0x26c0c]
C  [KERNEL32.DLL+0x154e0]
C  [ntdll.dll+0x485b]


---------------  P R O C E S S  ---------------

Threads class SMR info:
_java_thread_list=0x000001e1fd9c5d80, length=72, elements={
0x000001e1df522000, 0x000001e1fbd4b800, 0x000001e1fbd57000, 0x000001e1fc6f4800,
0x000001e1fc6f5800, 0x000001e1fc6f8000, 0x000001e1fc6fb800, 0x000001e1fc6fd000,
0x000001e1fbd68000, 0x000001e1fc84e000, 0x000001e1fea17000, 0x000001e1fe7fc800,
0x000001e1fef81000, 0x000001e1fee13800, 0x000001e1fee16800, 0x000001e1fee17800,
0x000001e1fee15000, 0x000001e1fee12800, 0x000001e1fee19000, 0x000001e1fe715800,
0x000001e1fe711800, 0x000001e1fe710800, 0x000001e1fe715000, 0x000001e1fe712800,
0x000001e1fe713000, 0x000001e1fe714000, 0x000001e1fe710000, 0x000001e1fe716800,
0x000001e1803ad800, 0x000001e1803ae800, 0x000001e1803af000, 0x000001e1803b0800,
0x000001e182463000, 0x000001e182461000, 0x000001e182464800, 0x000001e18245e800,
0x000001e182466000, 0x000001e182460800, 0x000001e182467000, 0x000001e182468800,
0x000001e182467800, 0x000001e182469800, 0x000001e182463800, 0x000001e18246b000,
0x000001e18246a000, 0x000001e18246b800, 0x000001e18246c800, 0x000001e18246d800,
0x000001e1803b0000, 0x000001e1803b5000, 0x000001e1803b6800, 0x000001e1803b7000,
0x000001e1803b1800, 0x000001e1803b8000, 0x000001e1803b2800, 0x000001e1803b9000,
0x000001e1803b9800, 0x000001e1803ba800, 0x000001e1803bb800, 0x000001e1803bc000,
0x000001e1fee18800, 0x000001e1fee14800, 0x000001e1fee16000, 0x000001e1fd42d000,
0x000001e1fd42e800, 0x000001e1fd432800, 0x000001e1fd42f800, 0x000001e1fd430000,
0x000001e1fd42e000, 0x000001e1fd432000, 0x000001e1fd431000, 0x000001e1fd433800
}

Java Threads: ( => current thread )
  0x000001e1df522000 JavaThread "main" [_thread_blocked, id=8344, stack(0x0000002a8d300000,0x0000002a8d400000)]
  0x000001e1fbd4b800 JavaThread "Reference Handler" daemon [_thread_blocked, id=2992, stack(0x0000002a8da00000,0x0000002a8db00000)]
  0x000001e1fbd57000 JavaThread "Finalizer" daemon [_thread_blocked, id=19880, stack(0x0000002a8db00000,0x0000002a8dc00000)]
  0x000001e1fc6f4800 JavaThread "Signal Dispatcher" daemon [_thread_blocked, id=12392, stack(0x0000002a8dc00000,0x0000002a8dd00000)]
  0x000001e1fc6f5800 JavaThread "Attach Listener" daemon [_thread_blocked, id=24252, stack(0x0000002a8dd00000,0x0000002a8de00000)]
  0x000001e1fc6f8000 JavaThread "Service Thread" daemon [_thread_blocked, id=25280, stack(0x0000002a8de00000,0x0000002a8df00000)]
=>0x000001e1fc6fb800 JavaThread "C2 CompilerThread0" daemon [_thread_in_native, id=11980, stack(0x0000002a8df00000,0x0000002a8e000000)]
  0x000001e1fc6fd000 JavaThread "C1 CompilerThread0" daemon [_thread_blocked, id=23608, stack(0x0000002a8e000000,0x0000002a8e100000)]
  0x000001e1fbd68000 JavaThread "Sweeper thread" daemon [_thread_blocked, id=8932, stack(0x0000002a8e100000,0x0000002a8e200000)]
  0x000001e1fc84e000 JavaThread "Common-Cleaner" daemon [_thread_blocked, id=22532, stack(0x0000002a8e200000,0x0000002a8e300000)]
  0x000001e1fea17000 JavaThread "Daemon health stats" [_thread_blocked, id=19552, stack(0x0000002a8e400000,0x0000002a8e500000)]
  0x000001e1fe7fc800 JavaThread "Incoming local TCP Connector on port 56067" [_thread_in_native, id=6360, stack(0x0000002a8e700000,0x0000002a8e800000)]
  0x000001e1fef81000 JavaThread "Daemon periodic checks" [_thread_blocked, id=16696, stack(0x0000002a8e900000,0x0000002a8ea00000)]
  0x000001e1fee13800 JavaThread "Cache worker for file hash cache (C:\Users\user-pc\.gradle\caches\7.0.2\fileHashes)" [_thread_blocked, id=24672, stack(0x0000002a8f800000,0x0000002a8f900000)]
  0x000001e1fee16800 JavaThread "File lock request listener" [_thread_in_native, id=4504, stack(0x0000002a8f900000,0x0000002a8fa00000)]
  0x000001e1fee17800 JavaThread "Cache worker for journal cache (C:\Users\user-pc\.gradle\caches\journal-1)" [_thread_blocked, id=17040, stack(0x0000002a8fc00000,0x0000002a8fd00000)]
  0x000001e1fee15000 JavaThread "File watcher server" daemon [_thread_in_native, id=12228, stack(0x0000002a8fe00000,0x0000002a8ff00000)]
  0x000001e1fee12800 JavaThread "File watcher consumer" daemon [_thread_blocked, id=24456, stack(0x0000002a8ff00000,0x0000002a90000000)]
  0x000001e1fee19000 JavaThread "jar transforms" [_thread_blocked, id=23152, stack(0x0000002a90000000,0x0000002a90100000)]
  0x000001e1fe715800 JavaThread "jar transforms Thread 2" [_thread_blocked, id=22120, stack(0x0000002a90100000,0x0000002a90200000)]
  0x000001e1fe711800 JavaThread "jar transforms Thread 3" [_thread_blocked, id=23668, stack(0x0000002a90200000,0x0000002a90300000)]
  0x000001e1fe710800 JavaThread "jar transforms Thread 4" [_thread_blocked, id=10620, stack(0x0000002a90300000,0x0000002a90400000)]
  0x000001e1fe715000 JavaThread "jar transforms Thread 5" [_thread_blocked, id=1660, stack(0x0000002a90400000,0x0000002a90500000)]
  0x000001e1fe712800 JavaThread "jar transforms Thread 6" [_thread_blocked, id=5632, stack(0x0000002a90500000,0x0000002a90600000)]
  0x000001e1fe713000 JavaThread "jar transforms Thread 7" [_thread_blocked, id=25340, stack(0x0000002a90600000,0x0000002a90700000)]
  0x000001e1fe714000 JavaThread "jar transforms Thread 8" [_thread_blocked, id=5020, stack(0x0000002a90700000,0x0000002a90800000)]
  0x000001e1fe710000 JavaThread "jar transforms Thread 9" [_thread_blocked, id=16524, stack(0x0000002a90800000,0x0000002a90900000)]
  0x000001e1fe716800 JavaThread "jar transforms Thread 10" [_thread_blocked, id=11476, stack(0x0000002a90900000,0x0000002a90a00000)]
  0x000001e1803ad800 JavaThread "jar transforms Thread 11" [_thread_blocked, id=24400, stack(0x0000002a90a00000,0x0000002a90b00000)]
  0x000001e1803ae800 JavaThread "jar transforms Thread 12" [_thread_blocked, id=21144, stack(0x0000002a90b00000,0x0000002a90c00000)]
  0x000001e1803af000 JavaThread "Cache worker for execution history cache (C:\Users\user-pc\.gradle\caches\7.0.2\executionHistory)" [_thread_blocked, id=24112, stack(0x0000002a91000000,0x0000002a91100000)]
  0x000001e1803b0800 JavaThread "Cache worker for file content cache (C:\Users\user-pc\.gradle\caches\7.0.2\fileContent)" [_thread_blocked, id=3860, stack(0x0000002a91100000,0x0000002a91200000)]
  0x000001e182463000 JavaThread "Memory manager" [_thread_blocked, id=14320, stack(0x0000002a91f00000,0x0000002a92000000)]
  0x000001e182461000 JavaThread "Daemon Thread 2" [_thread_blocked, id=1408, stack(0x0000002a8d000000,0x0000002a8d100000)]
  0x000001e182464800 JavaThread "Handler for socket connection from /127.0.0.1:56067 to /127.0.0.1:63214" [_thread_in_native, id=22948, stack(0x0000002a8d100000,0x0000002a8d200000)]
  0x000001e18245e800 JavaThread "Cancel handler" [_thread_blocked, id=24060, stack(0x0000002a8d200000,0x0000002a8d300000)]
  0x000001e182466000 JavaThread "Daemon worker Thread 2" [_thread_blocked, id=25416, stack(0x0000002a8e800000,0x0000002a8e900000)]
  0x000001e182460800 JavaThread "Asynchronous log dispatcher for DefaultDaemonConnection: socket connection from /127.0.0.1:56067 to /127.0.0.1:63214" [_thread_blocked, id=24744, stack(0x0000002a8ea00000,0x0000002a8eb00000)]
  0x000001e182467000 JavaThread "Stdin handler" [_thread_blocked, id=3312, stack(0x0000002a8eb00000,0x0000002a8ec00000)]
  0x000001e182468800 JavaThread "Daemon client event forwarder" [_thread_blocked, id=900, stack(0x0000002a8ec00000,0x0000002a8ed00000)]
  0x000001e182467800 JavaThread "Cache worker for file hash cache (D:\SplashScreenAndMore\.gradle\7.0.2\fileHashes)" [_thread_blocked, id=624, stack(0x0000002a8ed00000,0x0000002a8ee00000)]
  0x000001e182469800 JavaThread "Cache worker for checksums cache (D:\SplashScreenAndMore\.gradle\checksums)" [_thread_blocked, id=23820, stack(0x0000002a8ee00000,0x0000002a8ef00000)]
  0x000001e182463800 JavaThread "Cache worker for cache directory md-supplier (C:\Users\user-pc\.gradle\caches\7.0.2\md-supplier)" [_thread_blocked, id=9592, stack(0x0000002a8ef00000,0x0000002a8f000000)]
  0x000001e18246b000 JavaThread "Cache worker for cache directory md-rule (C:\Users\user-pc\.gradle\caches\7.0.2\md-rule)" [_thread_blocked, id=13232, stack(0x0000002a8f000000,0x0000002a8f100000)]
  0x000001e18246a000 JavaThread "Cache worker for dependencies-accessors (D:\SplashScreenAndMore\.gradle\7.0.2\dependencies-accessors)" [_thread_blocked, id=21460, stack(0x0000002a8fd00000,0x0000002a8fe00000)]
  0x000001e18246b800 JavaThread "Cache worker for Build Output Cleanup Cache (D:\SplashScreenAndMore\.gradle\buildOutputCleanup)" [_thread_blocked, id=23856, stack(0x0000002a90c00000,0x0000002a90d00000)]
  0x000001e18246c800 JavaThread "Build operations" [_thread_in_native, id=25360, stack(0x0000002a90d00000,0x0000002a90e00000)]
  0x000001e18246d800 JavaThread "Build operations Thread 2" [_thread_in_native, id=12960, stack(0x0000002a90e00000,0x0000002a90f00000)]
  0x000001e1803b0000 JavaThread "Build operations Thread 3" [_thread_in_native, id=24984, stack(0x0000002a90f00000,0x0000002a91000000)]
  0x000001e1803b5000 JavaThread "Build operations Thread 4" [_thread_in_native, id=25028, stack(0x0000002a91200000,0x0000002a91300000)]
  0x000001e1803b6800 JavaThread "Build operations Thread 5" [_thread_in_native, id=19900, stack(0x0000002a91300000,0x0000002a91400000)]
  0x000001e1803b7000 JavaThread "Build operations Thread 6" [_thread_in_native, id=17608, stack(0x0000002a91400000,0x0000002a91500000)]
  0x000001e1803b1800 JavaThread "Build operations Thread 7" [_thread_in_native, id=24416, stack(0x0000002a91500000,0x0000002a91600000)]
  0x000001e1803b8000 JavaThread "Build operations Thread 8" [_thread_in_native, id=18328, stack(0x0000002a91600000,0x0000002a91700000)]
  0x000001e1803b2800 JavaThread "Build operations Thread 9" [_thread_blocked, id=24792, stack(0x0000002a91700000,0x0000002a91800000)]
  0x000001e1803b9000 JavaThread "Build operations Thread 10" [_thread_in_native, id=23996, stack(0x0000002a91800000,0x0000002a91900000)]
  0x000001e1803b9800 JavaThread "Build operations Thread 11" [_thread_in_native, id=17068, stack(0x0000002a91900000,0x0000002a91a00000)]
  0x000001e1803ba800 JavaThread "Build operations Thread 12" [_thread_in_native, id=10040, stack(0x0000002a91a00000,0x0000002a91b00000)]
  0x000001e1803bb800 JavaThread "build event listener" [_thread_blocked, id=17488, stack(0x0000002a91b00000,0x0000002a91c00000)]
  0x000001e1803bc000 JavaThread "Execution worker for ':'" [_thread_blocked, id=9812, stack(0x0000002a91c00000,0x0000002a91d00000)]
  0x000001e1fee18800 JavaThread "Execution worker for ':' Thread 2" [_thread_blocked, id=14056, stack(0x0000002a91d00000,0x0000002a91e00000)]
  0x000001e1fee14800 JavaThread "Execution worker for ':' Thread 3" [_thread_blocked, id=22168, stack(0x0000002a91e00000,0x0000002a91f00000)]
  0x000001e1fee16000 JavaThread "Execution worker for ':' Thread 4" [_thread_blocked, id=25152, stack(0x0000002a92000000,0x0000002a92100000)]
  0x000001e1fd42d000 JavaThread "Execution worker for ':' Thread 5" [_thread_blocked, id=4812, stack(0x0000002a92100000,0x0000002a92200000)]
  0x000001e1fd42e800 JavaThread "Execution worker for ':' Thread 6" [_thread_blocked, id=2536, stack(0x0000002a92200000,0x0000002a92300000)]
  0x000001e1fd432800 JavaThread "Execution worker for ':' Thread 7" [_thread_blocked, id=24540, stack(0x0000002a92300000,0x0000002a92400000)]
  0x000001e1fd42f800 JavaThread "Execution worker for ':' Thread 8" [_thread_blocked, id=7308, stack(0x0000002a92400000,0x0000002a92500000)]
  0x000001e1fd430000 JavaThread "Execution worker for ':' Thread 9" [_thread_blocked, id=14776, stack(0x0000002a92500000,0x0000002a92600000)]
  0x000001e1fd42e000 JavaThread "Execution worker for ':' Thread 10" [_thread_blocked, id=9128, stack(0x0000002a92600000,0x0000002a92700000)]
  0x000001e1fd432000 JavaThread "Execution worker for ':' Thread 11" [_thread_blocked, id=11352, stack(0x0000002a92700000,0x0000002a92800000)]
  0x000001e1fd431000 JavaThread "Cache worker for execution history cache (D:\SplashScreenAndMore\.gradle\7.0.2\executionHistory)" [_thread_blocked, id=19008, stack(0x0000002a92800000,0x0000002a92900000)]
  0x000001e1fd433800 JavaThread "WorkerExecutor Queue" [_thread_blocked, id=18084, stack(0x0000002a92900000,0x0000002a92a00000)]

Other Threads:
  0x000001e1fbd48800 VMThread "VM Thread" [stack: 0x0000002a8d900000,0x0000002a8da00000] [id=19032]
  0x000001e1fc852800 WatcherThread [stack: 0x0000002a8e300000,0x0000002a8e400000] [id=15476]
  0x000001e1df53b800 GCTaskThread "GC Thread#0" [stack: 0x0000002a8d400000,0x0000002a8d500000] [id=3384]
  0x000001e1fd251000 GCTaskThread "GC Thread#1" [stack: 0x0000002a8e500000,0x0000002a8e600000] [id=1860]
  0x000001e1fcb74000 GCTaskThread "GC Thread#2" [stack: 0x0000002a8e600000,0x0000002a8e700000] [id=2736]
  0x000001e1fe06d000 GCTaskThread "GC Thread#3" [stack: 0x0000002a8f100000,0x0000002a8f200000] [id=5796]
  0x000001e1fe50e800 GCTaskThread "GC Thread#4" [stack: 0x0000002a8f200000,0x0000002a8f300000] [id=9264]
  0x000001e1fd72b000 GCTaskThread "GC Thread#5" [stack: 0x0000002a8f300000,0x0000002a8f400000] [id=22324]
  0x000001e1fd729000 GCTaskThread "GC Thread#6" [stack: 0x0000002a8f400000,0x0000002a8f500000] [id=16744]
  0x000001e1fd616000 GCTaskThread "GC Thread#7" [stack: 0x0000002a8f500000,0x0000002a8f600000] [id=2972]
  0x000001e1fd617000 GCTaskThread "GC Thread#8" [stack: 0x0000002a8f600000,0x0000002a8f700000] [id=24956]
  0x000001e1fd61b800 GCTaskThread "GC Thread#9" [stack: 0x0000002a8f700000,0x0000002a8f800000] [id=7604]
  0x000001e1df56e000 ConcurrentGCThread "G1 Main Marker" [stack: 0x0000002a8d500000,0x0000002a8d600000] [id=4840]
  0x000001e1df56f000 ConcurrentGCThread "G1 Conc#0" [stack: 0x0000002a8d600000,0x0000002a8d700000] [id=23108]
  0x000001e1fe7a7000 ConcurrentGCThread "G1 Conc#1" [stack: 0x0000002a8fa00000,0x0000002a8fb00000] [id=14240]
  0x000001e1fe7a8800 ConcurrentGCThread "G1 Conc#2" [stack: 0x0000002a8fb00000,0x0000002a8fc00000] [id=15596]
  0x000001e1df5f7000 ConcurrentGCThread "G1 Refine#0" [stack: 0x0000002a8d700000,0x0000002a8d800000] [id=17644]
  0x000001e1fbba1800 ConcurrentGCThread "G1 Young RemSet Sampling" [stack: 0x0000002a8d800000,0x0000002a8d900000] [id=24688]

Threads with active compile tasks:
C2 CompilerThread01777965 11736       4       org.gradle.internal.instantiation.generator.AbstractClassGenerator$PropertyMetadata::hasAnnotation (40 bytes)

VM state:not at safepoint (normal execution)

VM Mutex/Monitor currently owned by a thread: None

Heap address: 0x0000000080000000, size: 2048 MB, Compressed Oops mode: 32-bit
Narrow klass base: 0x0000000000000000, Narrow klass shift: 3
Compressed class space size: 1073741824 Address: 0x0000000100000000

Heap:
 garbage-first heap   total 131072K, used 102054K [0x0000000080000000, 0x0000000100000000)
  region size 1024K, 5 young (5120K), 2 survivors (2048K)
 Metaspace       used 97550K, capacity 100459K, committed 100736K, reserved 1136640K
  class space    used 12509K, capacity 13550K, committed 13696K, reserved 1048576K
Heap Regions: E=young(eden), S=young(survivor), O=old, HS=humongous(starts), HC=humongous(continues), CS=collection set, F=free, A=archive, TAMS=top-at-mark-start (previous, next)
|   0|0x0000000080000000, 0x0000000080100000, 0x0000000080100000|100%| O|  |TAMS 0x0000000080100000, 0x0000000080000000| Untracked 
|   1|0x0000000080100000, 0x0000000080200000, 0x0000000080200000|100%| O|  |TAMS 0x0000000080200000, 0x0000000080100000| Untracked 
|   2|0x0000000080200000, 0x0000000080300000, 0x0000000080300000|100%| O|  |TAMS 0x0000000080300000, 0x0000000080200000| Untracked 
|   3|0x0000000080300000, 0x0000000080400000, 0x0000000080400000|100%|HS|  |TAMS 0x0000000080400000, 0x0000000080300000| Complete 
|   4|0x0000000080400000, 0x0000000080500000, 0x0000000080500000|100%|HC|  |TAMS 0x0000000080500000, 0x0000000080400000| Complete 
|   5|0x0000000080500000, 0x0000000080600000, 0x0000000080600000|100%|HC|  |TAMS 0x0000000080600000, 0x0000000080500000| Complete 
|   6|0x0000000080600000, 0x0000000080700000, 0x0000000080700000|100%| O|  |TAMS 0x0000000080700000, 0x0000000080600000| Untracked 
|   7|0x0000000080700000, 0x0000000080800000, 0x0000000080800000|100%| O|  |TAMS 0x0000000080800000, 0x0000000080700000| Untracked 
|   8|0x0000000080800000, 0x0000000080900000, 0x0000000080900000|100%| O|  |TAMS 0x0000000080900000, 0x0000000080800000| Untracked 
|   9|0x0000000080900000, 0x0000000080a00000, 0x0000000080a00000|100%| O|  |TAMS 0x0000000080a00000, 0x0000000080900000| Untracked 
|  10|0x0000000080a00000, 0x0000000080b00000, 0x0000000080b00000|100%| O|  |TAMS 0x0000000080b00000, 0x0000000080a00000| Untracked 
|  11|0x0000000080b00000, 0x0000000080c00000, 0x0000000080c00000|100%| O|  |TAMS 0x0000000080c00000, 0x0000000080b00000| Untracked 
|  12|0x0000000080c00000, 0x0000000080d00000, 0x0000000080d00000|100%| O|  |TAMS 0x0000000080d00000, 0x0000000080c00000| Untracked 
|  13|0x0000000080d00000, 0x0000000080e00000, 0x0000000080e00000|100%| O|  |TAMS 0x0000000080e00000, 0x0000000080d00000| Untracked 
|  14|0x0000000080e00000, 0x0000000080f00000, 0x0000000080f00000|100%| O|  |TAMS 0x0000000080f00000, 0x0000000080e00000| Untracked 
|  15|0x0000000080f00000, 0x0000000081000000, 0x0000000081000000|100%| O|  |TAMS 0x0000000081000000, 0x0000000080f00000| Untracked 
|  16|0x0000000081000000, 0x0000000081100000, 0x0000000081100000|100%|HS|  |TAMS 0x0000000081100000, 0x0000000081000000| Complete 
|  17|0x0000000081100000, 0x0000000081200000, 0x0000000081200000|100%|HC|  |TAMS 0x0000000081200000, 0x0000000081100000| Complete 
|  18|0x0000000081200000, 0x0000000081300000, 0x0000000081300000|100%|HS|  |TAMS 0x0000000081300000, 0x0000000081200000| Complete 
|  19|0x0000000081300000, 0x0000000081400000, 0x0000000081400000|100%|HC|  |TAMS 0x0000000081400000, 0x0000000081300000| Complete 
|  20|0x0000000081400000, 0x0000000081500000, 0x0000000081500000|100%|HC|  |TAMS 0x0000000081500000, 0x0000000081400000| Complete 
|  21|0x0000000081500000, 0x0000000081600000, 0x0000000081600000|100%|HS|  |TAMS 0x0000000081600000, 0x0000000081500000| Complete 
|  22|0x0000000081600000, 0x0000000081700000, 0x0000000081700000|100%|HC|  |TAMS 0x0000000081700000, 0x0000000081600000| Complete 
|  23|0x0000000081700000, 0x0000000081800000, 0x0000000081800000|100%|HC|  |TAMS 0x0000000081800000, 0x0000000081700000| Complete 
|  24|0x0000000081800000, 0x0000000081900000, 0x0000000081900000|100%|HC|  |TAMS 0x0000000081900000, 0x0000000081800000| Complete 
|  25|0x0000000081900000, 0x0000000081a00000, 0x0000000081a00000|100%|HC|  |TAMS 0x0000000081a00000, 0x0000000081900000| Complete 
|  26|0x0000000081a00000, 0x0000000081b00000, 0x0000000081b00000|100%| O|  |TAMS 0x0000000081b00000, 0x0000000081a00000| Untracked 
|  27|0x0000000081b00000, 0x0000000081c00000, 0x0000000081c00000|100%| O|  |TAMS 0x0000000081c00000, 0x0000000081b00000| Untracked 
|  28|0x0000000081c00000, 0x0000000081d00000, 0x0000000081d00000|100%| O|  |TAMS 0x0000000081d00000, 0x0000000081c00000| Untracked 
|  29|0x0000000081d00000, 0x0000000081e00000, 0x0000000081e00000|100%| O|  |TAMS 0x0000000081e00000, 0x0000000081d00000| Untracked 
|  30|0x0000000081e00000, 0x0000000081f00000, 0x0000000081f00000|100%| O|  |TAMS 0x0000000081f00000, 0x0000000081e00000| Untracked 
|  31|0x0000000081f00000, 0x0000000082000000, 0x0000000082000000|100%| O|  |TAMS 0x0000000082000000, 0x0000000081f00000| Untracked 
|  32|0x0000000082000000, 0x0000000082100000, 0x0000000082100000|100%|HS|  |TAMS 0x0000000082100000, 0x0000000082000000| Complete 
|  33|0x0000000082100000, 0x0000000082200000, 0x0000000082200000|100%|HC|  |TAMS 0x0000000082200000, 0x0000000082100000| Complete 
|  34|0x0000000082200000, 0x0000000082300000, 0x0000000082300000|100%|HC|  |TAMS 0x0000000082300000, 0x0000000082200000| Complete 
|  35|0x0000000082300000, 0x0000000082400000, 0x0000000082400000|100%|HC|  |TAMS 0x0000000082400000, 0x0000000082300000| Complete 
|  36|0x0000000082400000, 0x0000000082500000, 0x0000000082500000|100%|HC|  |TAMS 0x0000000082500000, 0x0000000082400000| Complete 
|  37|0x0000000082500000, 0x0000000082600000, 0x0000000082600000|100%|HS|  |TAMS 0x0000000082600000, 0x0000000082500000| Complete 
|  38|0x0000000082600000, 0x0000000082700000, 0x0000000082700000|100%|HC|  |TAMS 0x0000000082700000, 0x0000000082600000| Complete 
|  39|0x0000000082700000, 0x0000000082800000, 0x0000000082800000|100%|HC|  |TAMS 0x0000000082800000, 0x0000000082700000| Complete 
|  40|0x0000000082800000, 0x0000000082900000, 0x0000000082900000|100%| O|  |TAMS 0x0000000082900000, 0x0000000082800000| Untracked 
|  41|0x0000000082900000, 0x0000000082a00000, 0x0000000082a00000|100%| O|  |TAMS 0x0000000082a00000, 0x0000000082900000| Untracked 
|  42|0x0000000082a00000, 0x0000000082b00000, 0x0000000082b00000|100%| O|  |TAMS 0x0000000082b00000, 0x0000000082a00000| Untracked 
|  43|0x0000000082b00000, 0x0000000082c00000, 0x0000000082c00000|100%| O|  |TAMS 0x0000000082c00000, 0x0000000082b00000| Untracked 
|  44|0x0000000082c00000, 0x0000000082d00000, 0x0000000082d00000|100%| O|  |TAMS 0x0000000082d00000, 0x0000000082c00000| Untracked 
|  45|0x0000000082d00000, 0x0000000082e00000, 0x0000000082e00000|100%| O|  |TAMS 0x0000000082e00000, 0x0000000082d00000| Untracked 
|  46|0x0000000082e00000, 0x0000000082f00000, 0x0000000082f00000|100%| O|  |TAMS 0x0000000082f00000, 0x0000000082e00000| Untracked 
|  47|0x0000000082f00000, 0x0000000083000000, 0x0000000083000000|100%| O|  |TAMS 0x0000000083000000, 0x0000000082f00000| Untracked 
|  48|0x0000000083000000, 0x0000000083100000, 0x0000000083100000|100%| O|  |TAMS 0x0000000083100000, 0x0000000083000000| Untracked 
|  49|0x0000000083100000, 0x0000000083200000, 0x0000000083200000|100%| O|  |TAMS 0x0000000083200000, 0x0000000083100000| Untracked 
|  50|0x0000000083200000, 0x0000000083300000, 0x0000000083300000|100%| O|  |TAMS 0x0000000083300000, 0x0000000083200000| Untracked 
|  51|0x0000000083300000, 0x0000000083400000, 0x0000000083400000|100%| O|  |TAMS 0x0000000083400000, 0x0000000083300000| Untracked 
|  52|0x0000000083400000, 0x0000000083500000, 0x0000000083500000|100%|HS|  |TAMS 0x0000000083500000, 0x0000000083400000| Complete 
|  53|0x0000000083500000, 0x0000000083600000, 0x0000000083600000|100%|HS|  |TAMS 0x0000000083600000, 0x0000000083500000| Complete 
|  54|0x0000000083600000, 0x0000000083700000, 0x0000000083700000|100%|HS|  |TAMS 0x0000000083700000, 0x0000000083600000| Complete 
|  55|0x0000000083700000, 0x0000000083800000, 0x0000000083800000|100%|HC|  |TAMS 0x0000000083800000, 0x0000000083700000| Complete 
|  56|0x0000000083800000, 0x0000000083900000, 0x0000000083900000|100%| O|  |TAMS 0x0000000083900000, 0x0000000083800000| Untracked 
|  57|0x0000000083900000, 0x0000000083900000, 0x0000000083a00000|  0%| F|  |TAMS 0x0000000083900000, 0x0000000083900000| Untracked 
|  58|0x0000000083a00000, 0x0000000083b00000, 0x0000000083b00000|100%| O|  |TAMS 0x0000000083b00000, 0x0000000083a00000| Untracked 
|  59|0x0000000083b00000, 0x0000000083c00000, 0x0000000083c00000|100%| O|  |TAMS 0x0000000083c00000, 0x0000000083b00000| Untracked 
|  60|0x0000000083c00000, 0x0000000083d00000, 0x0000000083d00000|100%| O|  |TAMS 0x0000000083d00000, 0x0000000083c00000| Untracked 
|  61|0x0000000083d00000, 0x0000000083e00000, 0x0000000083e00000|100%| O|  |TAMS 0x0000000083e00000, 0x0000000083d00000| Untracked 
|  62|0x0000000083e00000, 0x0000000083f00000, 0x0000000083f00000|100%| O|  |TAMS 0x0000000083f00000, 0x0000000083e00000| Untracked 
|  63|0x0000000083f00000, 0x0000000084000000, 0x0000000084000000|100%| O|  |TAMS 0x0000000084000000, 0x0000000083f00000| Untracked 
|  64|0x0000000084000000, 0x0000000084100000, 0x0000000084100000|100%| O|  |TAMS 0x0000000084100000, 0x0000000084000000| Untracked 
|  65|0x0000000084100000, 0x0000000084200000, 0x0000000084200000|100%| O|  |TAMS 0x0000000084200000, 0x0000000084100000| Untracked 
|  66|0x0000000084200000, 0x0000000084300000, 0x0000000084300000|100%| O|  |TAMS 0x0000000084300000, 0x0000000084200000| Untracked 
|  67|0x0000000084300000, 0x0000000084400000, 0x0000000084400000|100%| O|  |TAMS 0x0000000084400000, 0x0000000084300000| Untracked 
|  68|0x0000000084400000, 0x0000000084500000, 0x0000000084500000|100%| O|  |TAMS 0x0000000084500000, 0x0000000084400000| Untracked 
|  69|0x0000000084500000, 0x0000000084600000, 0x0000000084600000|100%| O|  |TAMS 0x0000000084600000, 0x0000000084500000| Untracked 
|  70|0x0000000084600000, 0x0000000084700000, 0x0000000084700000|100%| O|  |TAMS 0x0000000084700000, 0x0000000084600000| Untracked 
|  71|0x0000000084700000, 0x0000000084800000, 0x0000000084800000|100%| O|  |TAMS 0x0000000084800000, 0x0000000084700000| Untracked 
|  72|0x0000000084800000, 0x0000000084900000, 0x0000000084900000|100%| O|  |TAMS 0x0000000084900000, 0x0000000084800000| Untracked 
|  73|0x0000000084900000, 0x0000000084a00000, 0x0000000084a00000|100%| O|  |TAMS 0x0000000084a00000, 0x0000000084900000| Untracked 
|  74|0x0000000084a00000, 0x0000000084b00000, 0x0000000084b00000|100%| O|  |TAMS 0x0000000084b00000, 0x0000000084a00000| Untracked 
|  75|0x0000000084b00000, 0x0000000084b00000, 0x0000000084c00000|  0%| F|  |TAMS 0x0000000084b00000, 0x0000000084b00000| Untracked 
|  76|0x0000000084c00000, 0x0000000084d00000, 0x0000000084d00000|100%| O|  |TAMS 0x0000000084d00000, 0x0000000084c00000| Untracked 
|  77|0x0000000084d00000, 0x0000000084e00000, 0x0000000084e00000|100%| O|  |TAMS 0x0000000084e00000, 0x0000000084d00000| Untracked 
|  78|0x0000000084e00000, 0x0000000084f00000, 0x0000000084f00000|100%| O|  |TAMS 0x0000000084f00000, 0x0000000084e00000| Untracked 
|  79|0x0000000084f00000, 0x0000000085000000, 0x0000000085000000|100%| O|  |TAMS 0x0000000085000000, 0x0000000084f00000| Untracked 
|  80|0x0000000085000000, 0x0000000085100000, 0x0000000085100000|100%| O|  |TAMS 0x0000000085100000, 0x0000000085000000| Untracked 
|  81|0x0000000085100000, 0x0000000085100000, 0x0000000085200000|  0%| F|  |TAMS 0x0000000085100000, 0x0000000085100000| Untracked 
|  82|0x0000000085200000, 0x0000000085300000, 0x0000000085300000|100%| O|  |TAMS 0x0000000085300000, 0x0000000085200000| Untracked 
|  83|0x0000000085300000, 0x0000000085400000, 0x0000000085400000|100%| O|  |TAMS 0x0000000085400000, 0x0000000085300000| Untracked 
|  84|0x0000000085400000, 0x0000000085500000, 0x0000000085500000|100%| O|  |TAMS 0x0000000085500000, 0x0000000085400000| Untracked 
|  85|0x0000000085500000, 0x0000000085600000, 0x0000000085600000|100%| O|  |TAMS 0x0000000085600000, 0x0000000085500000| Untracked 
|  86|0x0000000085600000, 0x0000000085700000, 0x0000000085700000|100%| O|  |TAMS 0x0000000085700000, 0x0000000085600000| Untracked 
|  87|0x0000000085700000, 0x0000000085700000, 0x0000000085800000|  0%| F|  |TAMS 0x0000000085700000, 0x0000000085700000| Untracked 
|  88|0x0000000085800000, 0x0000000085900000, 0x0000000085900000|100%| O|  |TAMS 0x0000000085900000, 0x0000000085800000| Untracked 
|  89|0x0000000085900000, 0x0000000085a00000, 0x0000000085a00000|100%| O|  |TAMS 0x0000000085a00000, 0x0000000085900000| Untracked 
|  90|0x0000000085a00000, 0x0000000085b00000, 0x0000000085b00000|100%| O|  |TAMS 0x0000000085b00000, 0x0000000085a00000| Untracked 
|  91|0x0000000085b00000, 0x0000000085c00000, 0x0000000085c00000|100%| O|  |TAMS 0x0000000085c00000, 0x0000000085b00000| Untracked 
|  92|0x0000000085c00000, 0x0000000085c00000, 0x0000000085d00000|  0%| F|  |TAMS 0x0000000085c00000, 0x0000000085c00000| Untracked 
|  93|0x0000000085d00000, 0x0000000085d00000, 0x0000000085e00000|  0%| F|  |TAMS 0x0000000085d00000, 0x0000000085d00000| Untracked 
|  94|0x0000000085e00000, 0x0000000085f00000, 0x0000000085f00000|100%| O|  |TAMS 0x0000000085f00000, 0x0000000085e00000| Untracked 
|  95|0x0000000085f00000, 0x0000000086000000, 0x0000000086000000|100%| O|  |TAMS 0x0000000086000000, 0x0000000085f00000| Untracked 
|  96|0x0000000086000000, 0x0000000086100000, 0x0000000086100000|100%| O|  |TAMS 0x0000000086100000, 0x0000000086000000| Untracked 
|  97|0x0000000086100000, 0x0000000086200000, 0x0000000086200000|100%| O|  |TAMS 0x0000000086200000, 0x0000000086100000| Untracked 
|  98|0x0000000086200000, 0x0000000086300000, 0x0000000086300000|100%| O|  |TAMS 0x0000000086300000, 0x0000000086200000| Untracked 
|  99|0x0000000086300000, 0x0000000086400000, 0x0000000086400000|100%| O|  |TAMS 0x0000000086400000, 0x0000000086300000| Untracked 
| 100|0x0000000086400000, 0x0000000086500000, 0x0000000086500000|100%| O|  |TAMS 0x0000000086500000, 0x0000000086400000| Untracked 
| 101|0x0000000086500000, 0x0000000086600000, 0x0000000086600000|100%| O|  |TAMS 0x0000000086600000, 0x0000000086500000| Untracked 
| 102|0x0000000086600000, 0x0000000086698400, 0x0000000086700000| 59%| O|  |TAMS 0x0000000086698400, 0x0000000086600000| Untracked 
| 103|0x0000000086700000, 0x0000000086700000, 0x0000000086800000|  0%| F|  |TAMS 0x0000000086700000, 0x0000000086700000| Untracked 
| 104|0x0000000086800000, 0x0000000086800000, 0x0000000086900000|  0%| F|  |TAMS 0x0000000086800000, 0x0000000086800000| Untracked 
| 105|0x0000000086900000, 0x0000000086900000, 0x0000000086a00000|  0%| F|  |TAMS 0x0000000086900000, 0x0000000086900000| Untracked 
| 106|0x0000000086a00000, 0x0000000086a00000, 0x0000000086b00000|  0%| F|  |TAMS 0x0000000086a00000, 0x0000000086a00000| Untracked 
| 107|0x0000000086b00000, 0x0000000086b00000, 0x0000000086c00000|  0%| F|  |TAMS 0x0000000086b00000, 0x0000000086b00000| Untracked 
| 108|0x0000000086c00000, 0x0000000086c00000, 0x0000000086d00000|  0%| F|  |TAMS 0x0000000086c00000, 0x0000000086c00000| Untracked 
| 109|0x0000000086d00000, 0x0000000086d00000, 0x0000000086e00000|  0%| F|  |TAMS 0x0000000086d00000, 0x0000000086d00000| Untracked 
| 110|0x0000000086e00000, 0x0000000086e00000, 0x0000000086f00000|  0%| F|  |TAMS 0x0000000086e00000, 0x0000000086e00000| Untracked 
| 111|0x0000000086f00000, 0x0000000086f00000, 0x0000000087000000|  0%| F|  |TAMS 0x0000000086f00000, 0x0000000086f00000| Untracked 
| 112|0x0000000087000000, 0x0000000087000000, 0x0000000087100000|  0%| F|  |TAMS 0x0000000087000000, 0x0000000087000000| Untracked 
| 113|0x0000000087100000, 0x00000000871114c0, 0x0000000087200000|  6%| S|CS|TAMS 0x0000000087100000, 0x0000000087100000| Complete 
| 114|0x0000000087200000, 0x0000000087300000, 0x0000000087300000|100%| S|CS|TAMS 0x0000000087200000, 0x0000000087200000| Complete 
| 115|0x0000000087300000, 0x0000000087300000, 0x0000000087400000|  0%| F|  |TAMS 0x0000000087300000, 0x0000000087300000| Untracked 
| 116|0x0000000087400000, 0x0000000087400000, 0x0000000087500000|  0%| F|  |TAMS 0x0000000087400000, 0x0000000087400000| Untracked 
| 117|0x0000000087500000, 0x0000000087500000, 0x0000000087600000|  0%| F|  |TAMS 0x0000000087500000, 0x0000000087500000| Untracked 
| 118|0x0000000087600000, 0x0000000087600000, 0x0000000087700000|  0%| F|  |TAMS 0x0000000087600000, 0x0000000087600000| Untracked 
| 119|0x0000000087700000, 0x0000000087700000, 0x0000000087800000|  0%| F|  |TAMS 0x0000000087700000, 0x0000000087700000| Untracked 
| 120|0x0000000087800000, 0x0000000087800000, 0x0000000087900000|  0%| F|  |TAMS 0x0000000087800000, 0x0000000087800000| Untracked 
| 121|0x0000000087900000, 0x0000000087900000, 0x0000000087a00000|  0%| F|  |TAMS 0x0000000087900000, 0x0000000087900000| Untracked 
| 122|0x0000000087a00000, 0x0000000087a00000, 0x0000000087b00000|  0%| F|  |TAMS 0x0000000087a00000, 0x0000000087a00000| Untracked 
| 123|0x0000000087b00000, 0x0000000087b00000, 0x0000000087c00000|  0%| F|  |TAMS 0x0000000087b00000, 0x0000000087b00000| Untracked 
| 124|0x0000000087c00000, 0x0000000087c00000, 0x0000000087d00000|  0%| F|  |TAMS 0x0000000087c00000, 0x0000000087c00000| Untracked 
| 125|0x0000000087d00000, 0x0000000087dccf88, 0x0000000087e00000| 80%| E|  |TAMS 0x0000000087d00000, 0x0000000087d00000| Complete 
| 126|0x0000000087e00000, 0x0000000087f00000, 0x0000000087f00000|100%| E|CS|TAMS 0x0000000087e00000, 0x0000000087e00000| Complete 
| 127|0x0000000087f00000, 0x0000000088000000, 0x0000000088000000|100%| E|CS|TAMS 0x0000000087f00000, 0x0000000087f00000| Complete 

Card table byte_map: [0x000001e1f4850000,0x000001e1f4c50000] _byte_map_base: 0x000001e1f4450000

Marking Bits (Prev, Next): (CMBitMap*) 0x000001e1df565390, (CMBitMap*) 0x000001e1df565358
 Prev Bits: [0x000001e1f7050000, 0x000001e1f9050000)
 Next Bits: [0x000001e1f5050000, 0x000001e1f7050000)

Polling page: 0x000001e1df360000

Metaspace:

Usage:
  Non-class:     84.87 MB capacity,    83.05 MB ( 98%) used,     1.53 MB (  2%) free+waste,   298.63 KB ( <1%) overhead. 
      Class:     13.23 MB capacity,    12.22 MB ( 92%) used,   901.85 KB (  7%) free+waste,   139.13 KB (  1%) overhead. 
       Both:     98.10 MB capacity,    95.26 MB ( 97%) used,     2.41 MB (  2%) free+waste,   437.75 KB ( <1%) overhead. 

Virtual space:
  Non-class space:       86.00 MB reserved,      85.00 MB ( 99%) committed 
      Class space:        1.00 GB reserved,      13.38 MB (  1%) committed 
             Both:        1.08 GB reserved,      98.38 MB (  9%) committed 

Chunk freelists:
   Non-Class:  3.00 KB
       Class:  82.00 KB
        Both:  85.00 KB

MaxMetaspaceSize: 17179869184.00 GB
CompressedClassSpaceSize: 1.00 GB

CodeHeap 'non-profiled nmethods': size=120000Kb used=7717Kb max_used=7717Kb free=112282Kb
 bounds [0x000001e1ec2a0000, 0x000001e1eca30000, 0x000001e1f37d0000]
CodeHeap 'profiled nmethods': size=120000Kb used=26283Kb max_used=26283Kb free=93716Kb
 bounds [0x000001e1e4d70000, 0x000001e1e6720000, 0x000001e1ec2a0000]
CodeHeap 'non-nmethods': size=5760Kb used=2308Kb max_used=2377Kb free=3451Kb
 bounds [0x000001e1e47d0000, 0x000001e1e4a40000, 0x000001e1e4d70000]
 total_blobs=12717 nmethods=11804 adapters=824
 compilation: enabled
              stopped_count=0, restarted_count=0
 full_count=0

Compilation events (20 events):
Event: 1759.158 Thread 0x000001e1fc6fb800 11724       4       java.util.Collection::stream (11 bytes)
Event: 1759.253 Thread 0x000001e1fc6fd000 11733       1       org.gradle.internal.snapshot.AbstractListChildMap$1::getChildMap (5 bytes)
Event: 1759.253 Thread 0x000001e1fc6fd000 nmethod 11733 0x000001e1eca23b90 code [0x000001e1eca23d40, 0x000001e1eca23df8]
Event: 1759.253 Thread 0x000001e1fc6fd000 11734       1       org.gradle.internal.snapshot.AbstractListChildMap::isEmpty (2 bytes)
Event: 1759.254 Thread 0x000001e1fc6fd000 nmethod 11734 0x000001e1eca23e90 code [0x000001e1eca24040, 0x000001e1eca240f8]
Event: 1759.543 Thread 0x000001e1fc6fb800 nmethod 11724 0x000001e1eca24190 code [0x000001e1eca24340, 0x000001e1eca246b8]
Event: 1759.560 Thread 0x000001e1fc6fd000 11735       3       java.util.regex.Matcher::search (154 bytes)
Event: 1759.560 Thread 0x000001e1fc6fd000 nmethod 11735 0x000001e1e66d7e10 code [0x000001e1e66d8020, 0x000001e1e66d85c8]
Event: 1759.630 Thread 0x000001e1fc6fb800 11736       4       org.gradle.internal.instantiation.generator.AbstractClassGenerator$PropertyMetadata::hasAnnotation (40 bytes)
Event: 1760.167 Thread 0x000001e1fc6fd000 11737       3       com.google.common.cache.LocalCache::getIfPresent (49 bytes)
Event: 1760.169 Thread 0x000001e1fc6fd000 nmethod 11737 0x000001e1e66d8810 code [0x000001e1e66d8a60, 0x000001e1e66d9178]
Event: 1765.333 Thread 0x000001e1fc6fd000 11738       3       org.gradle.api.internal.tasks.properties.PropertyVisitor$Adapter::visitInputProperty (1 bytes)
Event: 1765.333 Thread 0x000001e1fc6fd000 nmethod 11738 0x000001e1e66d9490 code [0x000001e1e66d9640, 0x000001e1e66d9738]
Event: 1767.566 Thread 0x000001e1fc6fd000 11739       3       org.gradle.internal.execution.steps.LoadExecutionStateStep$1::getIdentity (10 bytes)
Event: 1767.568 Thread 0x000001e1fc6fd000 nmethod 11739 0x000001e1e66d9810 code [0x000001e1e66d99c0, 0x000001e1e66d9b88]
Event: 1767.568 Thread 0x000001e1fc6fd000 11740       3       java.lang.reflect.Field::setFieldAccessor (34 bytes)
Event: 1767.569 Thread 0x000001e1fc6fd000 nmethod 11740 0x000001e1e66d9c90 code [0x000001e1e66d9e80, 0x000001e1e66da2a8]
Event: 1767.569 Thread 0x000001e1fc6fd000 11741       3       com.google.common.collect.Sets::newLinkedHashSetWithExpectedSize (12 bytes)
Event: 1767.571 Thread 0x000001e1fc6fd000 nmethod 11741 0x000001e1e66da390 code [0x000001e1e66da5e0, 0x000001e1e66dabf8]
Event: 1767.571 Thread 0x000001e1fc6fd000 11743 %     3       java.util.regex.Matcher::reset @ 17 (128 bytes)

GC Heap History (20 events):
Event: 19.418 GC heap before
{Heap before GC invocations=34 (full 0):
 garbage-first heap   total 131072K, used 113070K [0x0000000080000000, 0x0000000100000000)
  region size 1024K, 22 young (22528K), 3 survivors (3072K)
 Metaspace       used 89341K, capacity 91983K, committed 92288K, reserved 1128448K
  class space    used 11597K, capacity 12573K, committed 12672K, reserved 1048576K
}
Event: 19.421 GC heap after
{Heap after GC invocations=35 (full 0):
 garbage-first heap   total 131072K, used 94771K [0x0000000080000000, 0x0000000100000000)
  region size 1024K, 3 young (3072K), 3 survivors (3072K)
 Metaspace       used 89341K, capacity 91983K, committed 92288K, reserved 1128448K
  class space    used 11597K, capacity 12573K, committed 12672K, reserved 1048576K
}
Event: 19.733 GC heap before
{Heap before GC invocations=35 (full 0):
 garbage-first heap   total 131072K, used 113203K [0x0000000080000000, 0x0000000100000000)
  region size 1024K, 21 young (21504K), 3 survivors (3072K)
 Metaspace       used 92524K, capacity 95411K, committed 95616K, reserved 1132544K
  class space    used 12053K, capacity 13133K, committed 13184K, reserved 1048576K
}
Event: 19.736 GC heap after
{Heap after GC invocations=36 (full 0):
 garbage-first heap   total 131072K, used 95554K [0x0000000080000000, 0x0000000100000000)
  region size 1024K, 2 young (2048K), 2 survivors (2048K)
 Metaspace       used 92524K, capacity 95411K, committed 95616K, reserved 1132544K
  class space    used 12053K, capacity 13133K, committed 13184K, reserved 1048576K
}
Event: 19.934 GC heap before
{Heap before GC invocations=37 (full 0):
 garbage-first heap   total 131072K, used 113986K [0x0000000080000000, 0x0000000100000000)
  region size 1024K, 20 young (20480K), 2 survivors (2048K)
 Metaspace       used 92690K, capacity 95164K, committed 96256K, reserved 1132544K
  class space    used 11956K, capacity 12902K, committed 13312K, reserved 1048576K
}
Event: 19.937 GC heap after
{Heap after GC invocations=38 (full 0):
 garbage-first heap   total 131072K, used 96723K [0x0000000080000000, 0x0000000100000000)
  region size 1024K, 2 young (2048K), 2 survivors (2048K)
 Metaspace       used 92690K, capacity 95164K, committed 96256K, reserved 1132544K
  class space    used 11956K, capacity 12902K, committed 13312K, reserved 1048576K
}
Event: 307.099 GC heap before
{Heap before GC invocations=38 (full 0):
 garbage-first heap   total 131072K, used 114131K [0x0000000080000000, 0x0000000100000000)
  region size 1024K, 19 young (19456K), 2 survivors (2048K)
 Metaspace       used 93773K, capacity 96437K, committed 97024K, reserved 1132544K
  class space    used 12082K, capacity 13065K, committed 13312K, reserved 1048576K
}
Event: 307.106 GC heap after
{Heap after GC invocations=39 (full 0):
 garbage-first heap   total 131072K, used 97430K [0x0000000080000000, 0x0000000100000000)
  region size 1024K, 2 young (2048K), 2 survivors (2048K)
 Metaspace       used 93773K, capacity 96437K, committed 97024K, reserved 1132544K
  class space    used 12082K, capacity 13065K, committed 13312K, reserved 1048576K
}
Event: 1220.097 GC heap before
{Heap before GC invocations=40 (full 0):
 garbage-first heap   total 131072K, used 113814K [0x0000000080000000, 0x0000000100000000)
  region size 1024K, 18 young (18432K), 2 survivors (2048K)
 Metaspace       used 93908K, capacity 96569K, committed 97024K, reserved 1132544K
  class space    used 12083K, capacity 13066K, committed 13312K, reserved 1048576K
}
Event: 1220.102 GC heap after
{Heap after GC invocations=41 (full 0):
 garbage-first heap   total 131072K, used 97452K [0x0000000080000000, 0x0000000100000000)
  region size 1024K, 1 young (1024K), 1 survivors (1024K)
 Metaspace       used 93908K, capacity 96569K, committed 97024K, reserved 1132544K
  class space    used 12083K, capacity 13066K, committed 13312K, reserved 1048576K
}
Event: 1723.679 GC heap before
{Heap before GC invocations=41 (full 0):
 garbage-first heap   total 131072K, used 113836K [0x0000000080000000, 0x0000000100000000)
  region size 1024K, 17 young (17408K), 1 survivors (1024K)
 Metaspace       used 94149K, capacity 96850K, committed 97280K, reserved 1132544K
  class space    used 12097K, capacity 13084K, committed 13312K, reserved 1048576K
}
Event: 1723.721 GC heap after
{Heap after GC invocations=42 (full 0):
 garbage-first heap   total 131072K, used 98762K [0x0000000080000000, 0x0000000100000000)
  region size 1024K, 3 young (3072K), 3 survivors (3072K)
 Metaspace       used 94149K, capacity 96850K, committed 97280K, reserved 1132544K
  class space    used 12097K, capacity 13084K, committed 13312K, reserved 1048576K
}
Event: 1726.239 GC heap before
{Heap before GC invocations=43 (full 0):
 garbage-first heap   total 131072K, used 112074K [0x0000000080000000, 0x0000000100000000)
  region size 1024K, 17 young (17408K), 3 survivors (3072K)
 Metaspace       used 94459K, capacity 97195K, committed 97536K, reserved 1134592K
  class space    used 12122K, capacity 13112K, committed 13312K, reserved 1048576K
}
Event: 1726.453 GC heap after
{Heap after GC invocations=44 (full 0):
 garbage-first heap   total 131072K, used 99788K [0x0000000080000000, 0x0000000100000000)
  region size 1024K, 3 young (3072K), 3 survivors (3072K)
 Metaspace       used 94459K, capacity 97195K, committed 97536K, reserved 1134592K
  class space    used 12122K, capacity 13112K, committed 13312K, reserved 1048576K
}
Event: 1732.731 GC heap before
{Heap before GC invocations=44 (full 0):
 garbage-first heap   total 131072K, used 113100K [0x0000000080000000, 0x0000000100000000)
  region size 1024K, 16 young (16384K), 3 survivors (3072K)
 Metaspace       used 95200K, capacity 97975K, committed 98432K, reserved 1134592K
  class space    used 12194K, capacity 13193K, committed 13440K, reserved 1048576K
}
Event: 1733.001 GC heap after
{Heap after GC invocations=45 (full 0):
 garbage-first heap   total 131072K, used 101648K [0x0000000080000000, 0x0000000100000000)
  region size 1024K, 2 young (2048K), 2 survivors (2048K)
 Metaspace       used 95200K, capacity 97975K, committed 98432K, reserved 1134592K
  class space    used 12194K, capacity 13193K, committed 13440K, reserved 1048576K
}
Event: 1738.481 GC heap before
{Heap before GC invocations=46 (full 0):
 garbage-first heap   total 131072K, used 112912K [0x0000000080000000, 0x0000000100000000)
  region size 1024K, 13 young (13312K), 2 survivors (2048K)
 Metaspace       used 95874K, capacity 98703K, committed 99072K, reserved 1134592K
  class space    used 12290K, capacity 13304K, committed 13568K, reserved 1048576K
}
Event: 1738.570 GC heap after
{Heap after GC invocations=47 (full 0):
 garbage-first heap   total 131072K, used 102657K [0x0000000080000000, 0x0000000100000000)
  region size 1024K, 2 young (2048K), 2 survivors (2048K)
 Metaspace       used 95874K, capacity 98703K, committed 99072K, reserved 1134592K
  class space    used 12290K, capacity 13304K, committed 13568K, reserved 1048576K
}
Event: 1739.621 GC heap before
{Heap before GC invocations=47 (full 0):
 garbage-first heap   total 131072K, used 106753K [0x0000000080000000, 0x0000000100000000)
  region size 1024K, 7 young (7168K), 2 survivors (2048K)
 Metaspace       used 96181K, capacity 98991K, committed 99328K, reserved 1134592K
  class space    used 12353K, capacity 13353K, committed 13568K, reserved 1048576K
}
Event: 1739.943 GC heap after
{Heap after GC invocations=48 (full 0):
 garbage-first heap   total 131072K, used 99239K [0x0000000080000000, 0x0000000100000000)
  region size 1024K, 1 young (1024K), 1 survivors (1024K)
 Metaspace       used 96181K, capacity 98991K, committed 99328K, reserved 1134592K
  class space    used 12353K, capacity 13353K, committed 13568K, reserved 1048576K
}

Deoptimization events (20 events):
Event: 1742.501 Thread 0x000001e1803bc000 Uncommon trap: reason=unstable_if action=reinterpret pc=0x000001e1ec91284c method=org.gradle.internal.snapshot.ChildMap$Entry.handleAncestorDescendantOrExactMatch(Lorg/gradle/internal/snapshot/VfsRelativePath;Lorg/gradle/internal/snapshot/CaseSensitivity;
Event: 1742.501 Thread 0x000001e1803bc000 DEOPT PACKING pc=0x000001e1ec91284c sp=0x0000002a91cfb400
Event: 1742.501 Thread 0x000001e1803bc000 DEOPT UNPACKING pc=0x000001e1e47f78af sp=0x0000002a91cfb3e0 mode 2
Event: 1744.814 Thread 0x000001e1803bc000 Uncommon trap: trap_request=0xffffff4d fr.pc=0x000001e1ec90effc relative=0x000000000000027c
Event: 1744.814 Thread 0x000001e1803bc000 Uncommon trap: reason=unstable_if action=reinterpret pc=0x000001e1ec90effc method=org.gradle.internal.file.DefaultFileHierarchySet$Node.isChildOfOrThis(Ljava/lang/String;I)Z @ 89 c2
Event: 1744.814 Thread 0x000001e1803bc000 DEOPT PACKING pc=0x000001e1ec90effc sp=0x0000002a91cfb190
Event: 1744.814 Thread 0x000001e1803bc000 DEOPT UNPACKING pc=0x000001e1e47f78af sp=0x0000002a91cfb130 mode 2
Event: 1753.393 Thread 0x000001e1803bc000 Uncommon trap: trap_request=0xffffff4d fr.pc=0x000001e1ec6df3bc relative=0x000000000000077c
Event: 1753.393 Thread 0x000001e1803bc000 Uncommon trap: reason=unstable_if action=reinterpret pc=0x000001e1ec6df3bc method=java.util.regex.Matcher.search(I)Z @ 76 c2
Event: 1753.393 Thread 0x000001e1803bc000 DEOPT PACKING pc=0x000001e1ec6df3bc sp=0x0000002a91cfa600
Event: 1753.393 Thread 0x000001e1803bc000 DEOPT UNPACKING pc=0x000001e1e47f78af sp=0x0000002a91cfa5d0 mode 2
Event: 1753.393 Thread 0x000001e1803bc000 Uncommon trap: trap_request=0xffffff4d fr.pc=0x000001e1ec42bd64 relative=0x0000000000000284
Event: 1753.393 Thread 0x000001e1803bc000 Uncommon trap: reason=unstable_if action=reinterpret pc=0x000001e1ec42bd64 method=java.util.regex.Matcher.reset()Ljava/util/regex/Matcher; @ 80 c2
Event: 1753.393 Thread 0x000001e1803bc000 DEOPT PACKING pc=0x000001e1ec42bd64 sp=0x0000002a91cfa650
Event: 1753.393 Thread 0x000001e1803bc000 DEOPT UNPACKING pc=0x000001e1e47f78af sp=0x0000002a91cfa5e0 mode 2
Event: 1756.973 Thread 0x000001e1fd431000 Uncommon trap: trap_request=0xffffff4d fr.pc=0x000001e1ec8a9a30 relative=0x00000000000007d0
Event: 1756.973 Thread 0x000001e1fd431000 Uncommon trap: reason=unstable_if action=reinterpret pc=0x000001e1ec8a9a30 method=com.esotericsoftware.kryo.io.Output.writeVarLong(JZ)I @ 55 c2
Event: 1756.973 Thread 0x000001e1fd431000 DEOPT PACKING pc=0x000001e1ec8a9a30 sp=0x0000002a928fd900
Event: 1756.973 Thread 0x000001e1fd431000 DEOPT UNPACKING pc=0x000001e1e47f78af sp=0x0000002a928fd8d0 mode 2
Event: 1767.866 Thread 0x000001e1fd432000 Uncommon trap: trap_request=0xffffff4d fr.pc=0x000001e1ec822b58 relative=0x00000000000001f8

Classes redefined (0 events):
No events

Internal exceptions (20 events):
Event: 1727.149 Thread 0x000001e182466000 Exception <a 'sun/nio/fs/WindowsException'{0x0000000087ce80c0}> (0x0000000087ce80c0) thrown at [./src/hotspot/share/prims/jni.cpp, line 615]
Event: 1728.376 Thread 0x000001e182466000 Exception <a 'sun/nio/fs/WindowsException'{0x0000000087ba2fa0}> (0x0000000087ba2fa0) thrown at [./src/hotspot/share/prims/jni.cpp, line 615]
Event: 1728.429 Thread 0x000001e182466000 Exception <a 'sun/nio/fs/WindowsException'{0x0000000087ba3fe0}> (0x0000000087ba3fe0) thrown at [./src/hotspot/share/prims/jni.cpp, line 615]
Event: 1728.429 Thread 0x000001e182466000 Exception <a 'sun/nio/fs/WindowsException'{0x0000000087ba5070}> (0x0000000087ba5070) thrown at [./src/hotspot/share/prims/jni.cpp, line 615]
Event: 1728.429 Thread 0x000001e182466000 Exception <a 'sun/nio/fs/WindowsException'{0x0000000087ba6100}> (0x0000000087ba6100) thrown at [./src/hotspot/share/prims/jni.cpp, line 615]
Event: 1732.238 Thread 0x000001e182466000 Exception <a 'java/lang/NoSuchMethodError'{0x00000000875a1e08}: 'java.lang.Object java.lang.invoke.Invokers$Holder.linkToTargetMethod(java.lang.Object, int, int, java.lang.Object)'> (0x00000000875a1e08) thrown at [./src/hotspot/share/interpreter/linkResolver.cpp, line 773]
Event: 1739.383 Thread 0x000001e182468800 Exception <a 'java/lang/NoSuchMethodError'{0x0000000087e305b8}: <clinit>> (0x0000000087e305b8) thrown at [./src/hotspot/share/prims/jni.cpp, line 1362]
Event: 1739.394 Thread 0x000001e182468800 Exception <a 'java/lang/NoSuchMethodError'{0x0000000087eb9f78}: <clinit>> (0x0000000087eb9f78) thrown at [./src/hotspot/share/prims/jni.cpp, line 1362]
Event: 1739.397 Thread 0x000001e182468800 Exception <a 'java/lang/NoSuchMethodError'{0x0000000087ec7198}: <clinit>> (0x0000000087ec7198) thrown at [./src/hotspot/share/prims/jni.cpp, line 1362]
Event: 1739.445 Thread 0x000001e182468800 Exception <a 'java/lang/NoSuchMethodError'{0x0000000087eeea98}: <clinit>> (0x0000000087eeea98) thrown at [./src/hotspot/share/prims/jni.cpp, line 1362]
Event: 1739.445 Thread 0x000001e182468800 Exception <a 'java/lang/NoSuchMethodError'{0x0000000087d004e0}: <clinit>> (0x0000000087d004e0) thrown at [./src/hotspot/share/prims/jni.cpp, line 1362]
Event: 1739.945 Thread 0x000001e1803bb800 Exception <a 'java/lang/NoSuchMethodError'{0x0000000087f122f0}: <clinit>> (0x0000000087f122f0) thrown at [./src/hotspot/share/prims/jni.cpp, line 1362]
Event: 1740.054 Thread 0x000001e1803bb800 Exception <a 'java/lang/NoSuchMethodError'{0x0000000087f1fc38}: <clinit>> (0x0000000087f1fc38) thrown at [./src/hotspot/share/prims/jni.cpp, line 1362]
Event: 1740.067 Thread 0x000001e1803bb800 Exception <a 'java/lang/NoSuchMethodError'{0x0000000087f39558}: <clinit>> (0x0000000087f39558) thrown at [./src/hotspot/share/prims/jni.cpp, line 1362]
Event: 1741.385 Thread 0x000001e182468800 Exception <a 'java/lang/NoSuchMethodError'{0x0000000087d19ef8}: <clinit>> (0x0000000087d19ef8) thrown at [./src/hotspot/share/prims/jni.cpp, line 1362]
Event: 1756.021 Thread 0x000001e1803bc000 Exception <a 'java/lang/NoSuchMethodError'{0x0000000087879740}: 'void java.lang.invoke.DirectMethodHandle$Holder.invokeStatic(java.lang.Object, java.lang.Object, java.lang.Object, java.lang.Object, java.lang.Object, java.lang.Object, java.lang.Object)'> (0x0000000087879740) thrown at [./src/hotspot/share/interpreter/linkResolver.cpp, line 773]
Event: 1757.742 Thread 0x000001e182468800 Exception <a 'java/lang/NoSuchMethodError'{0x000000008772fc78}: <clinit>> (0x000000008772fc78) thrown at [./src/hotspot/share/prims/jni.cpp, line 1362]
Event: 1758.733 Thread 0x000001e1803bc000 Exception <a 'sun/nio/fs/WindowsException'{0x00000000877506e8}> (0x00000000877506e8) thrown at [./src/hotspot/share/prims/jni.cpp, line 615]
Event: 1758.902 Thread 0x000001e1803bc000 Exception <a 'sun/nio/fs/WindowsException'{0x000000008776fb08}> (0x000000008776fb08) thrown at [./src/hotspot/share/prims/jni.cpp, line 615]
Event: 1767.862 Thread 0x000001e1fd433800 Exception <a 'sun/nio/fs/WindowsException'{0x00000000875bcfe0}> (0x00000000875bcfe0) thrown at [./src/hotspot/share/prims/jni.cpp, line 615]

Events (20 events):
Event: 1767.561 Executing VM operation: RevokeBias
Event: 1767.562 Executing VM operation: RevokeBias done
Event: 1767.562 Executing VM operation: RevokeBias
Event: 1767.563 Executing VM operation: RevokeBias done
Event: 1767.563 Executing VM operation: RevokeBias
Event: 1767.564 Executing VM operation: RevokeBias done
Event: 1767.564 Executing VM operation: RevokeBias
Event: 1767.565 Executing VM operation: RevokeBias done
Event: 1767.566 Executing VM operation: RevokeBias
Event: 1767.567 Executing VM operation: RevokeBias done
Event: 1767.569 loading class org/gradle/workers/internal/SimpleActionExecutionSpec
Event: 1767.569 loading class org/gradle/workers/internal/SimpleActionExecutionSpec done
Event: 1767.569 Executing VM operation: RevokeBias
Event: 1767.570 Executing VM operation: RevokeBias done
Event: 1767.570 loading class org/gradle/api/specs/Spec
Event: 1767.570 loading class org/gradle/api/specs/Spec done
Event: 1767.573 Executing VM operation: RevokeBias
Event: 1767.859 Executing VM operation: RevokeBias done
Event: 1767.860 Executing VM operation: RevokeBias
Event: 1767.861 Executing VM operation: RevokeBias done


Dynamic libraries:
0x00007ff6a9a10000 - 0x00007ff6a9a1a000 	D:\Android Studio\jre\bin\java.exe
0x00007ffc9f5a0000 - 0x00007ffc9f7a9000 	C:\WINDOWS\SYSTEM32\ntdll.dll
0x00007ffc9d990000 - 0x00007ffc9da4d000 	C:\WINDOWS\System32\KERNEL32.DLL
0x00007ffc9cbd0000 - 0x00007ffc9cf44000 	C:\WINDOWS\System32\KERNELBASE.dll
0x00007ffc9d2c0000 - 0x00007ffc9d3d1000 	C:\WINDOWS\System32\ucrtbase.dll
0x00007ffc8be30000 - 0x00007ffc8be47000 	D:\Android Studio\jre\bin\VCRUNTIME140.dll
0x00007ffc7ebc0000 - 0x00007ffc7ebd9000 	D:\Android Studio\jre\bin\jli.dll
0x00007ffc9f370000 - 0x00007ffc9f51c000 	C:\WINDOWS\System32\USER32.dll
0x00007ffc82f50000 - 0x00007ffc831f5000 	C:\WINDOWS\WinSxS\amd64_microsoft.windows.common-controls_6595b64144ccf1df_6.0.22000.120_none_9d947278b86cc467\COMCTL32.dll
0x00007ffc9d3e0000 - 0x00007ffc9d406000 	C:\WINDOWS\System32\win32u.dll
0x00007ffc9e950000 - 0x00007ffc9e9f3000 	C:\WINDOWS\System32\msvcrt.dll
0x00007ffc9d6c0000 - 0x00007ffc9d6e9000 	C:\WINDOWS\System32\GDI32.dll
0x00007ffc9d1a0000 - 0x00007ffc9d2b2000 	C:\WINDOWS\System32\gdi32full.dll
0x00007ffc9cf50000 - 0x00007ffc9cfed000 	C:\WINDOWS\System32\msvcp_win.dll
0x00007ffc9ef20000 - 0x00007ffc9ef51000 	C:\WINDOWS\System32\IMM32.DLL
0x00007ffc61c20000 - 0x00007ffc61cbd000 	D:\Android Studio\jre\bin\msvcp140.dll
0x00007ffc2f320000 - 0x00007ffc2fdef000 	D:\Android Studio\jre\bin\server\jvm.dll
0x00007ffc9e3c0000 - 0x00007ffc9e46e000 	C:\WINDOWS\System32\ADVAPI32.dll
0x00007ffc9f210000 - 0x00007ffc9f2ae000 	C:\WINDOWS\System32\sechost.dll
0x00007ffc9d6f0000 - 0x00007ffc9d810000 	C:\WINDOWS\System32\RPCRT4.dll
0x00007ffc9ef80000 - 0x00007ffc9ef88000 	C:\WINDOWS\System32\PSAPI.DLL
0x00007ffc966d0000 - 0x00007ffc96703000 	C:\WINDOWS\SYSTEM32\WINMM.dll
0x00007ffc94a00000 - 0x00007ffc94a0a000 	C:\WINDOWS\SYSTEM32\VERSION.dll
0x00007ffc86270000 - 0x00007ffc86279000 	C:\WINDOWS\SYSTEM32\WSOCK32.dll
0x00007ffc9e8e0000 - 0x00007ffc9e94f000 	C:\WINDOWS\System32\ws2_32.DLL
0x00007ffc9bc50000 - 0x00007ffc9bc68000 	C:\WINDOWS\SYSTEM32\kernel.appcore.dll
0x00007ffc91a50000 - 0x00007ffc91a61000 	D:\Android Studio\jre\bin\verify.dll
0x00007ffc9a050000 - 0x00007ffc9a271000 	C:\WINDOWS\SYSTEM32\DBGHELP.DLL
0x00007ffc83850000 - 0x00007ffc83881000 	C:\WINDOWS\SYSTEM32\dbgcore.DLL
0x00007ffc9d0b0000 - 0x00007ffc9d12f000 	C:\WINDOWS\System32\bcryptPrimitives.dll
0x00007ffc8a020000 - 0x00007ffc8a049000 	D:\Android Studio\jre\bin\java.dll
0x00007ffc96970000 - 0x00007ffc9697b000 	D:\Android Studio\jre\bin\jimage.dll
0x00007ffc91070000 - 0x00007ffc91088000 	D:\Android Studio\jre\bin\zip.dll
0x00007ffc9dc10000 - 0x00007ffc9e3be000 	C:\WINDOWS\System32\SHELL32.dll
0x00007ffc9abe0000 - 0x00007ffc9b448000 	C:\WINDOWS\SYSTEM32\windows.storage.dll
0x00007ffc9ea00000 - 0x00007ffc9ed78000 	C:\WINDOWS\System32\combase.dll
0x00007ffc9aa70000 - 0x00007ffc9abd6000 	C:\WINDOWS\SYSTEM32\wintypes.dll
0x00007ffc9d410000 - 0x00007ffc9d4fa000 	C:\WINDOWS\System32\SHCORE.dll
0x00007ffc9f310000 - 0x00007ffc9f36d000 	C:\WINDOWS\System32\shlwapi.dll
0x00007ffc9c990000 - 0x00007ffc9c9b1000 	C:\WINDOWS\SYSTEM32\profapi.dll
0x00007ffc8af00000 - 0x00007ffc8af1a000 	D:\Android Studio\jre\bin\net.dll
0x00007ffc97830000 - 0x00007ffc9793c000 	C:\WINDOWS\SYSTEM32\WINHTTP.dll
0x00007ffc9c080000 - 0x00007ffc9c0e7000 	C:\WINDOWS\system32\mswsock.dll
0x00007ffc893f0000 - 0x00007ffc89404000 	D:\Android Studio\jre\bin\nio.dll
0x00007ffc7b7d0000 - 0x00007ffc7b7f7000 	C:\Users\user-pc\.gradle\native\8bec1ad78214c89d9ad589b4d07fe93259594b29d510b10fafb7a158f7737e5d\windows-amd64\native-platform.dll
0x00007ffc5ed20000 - 0x00007ffc5ee5d000 	C:\Users\user-pc\.gradle\native\53dbd7edfb1c66fb8903c78663c9afc45aea4f116125fa6feffd364cf09443e8\windows-amd64\native-platform-file-events.dll
0x00007ffc94000000 - 0x00007ffc9400a000 	D:\Android Studio\jre\bin\management.dll
0x00007ffc919f0000 - 0x00007ffc919fc000 	D:\Android Studio\jre\bin\management_ext.dll
0x00007ffc9c2d0000 - 0x00007ffc9c2e8000 	C:\WINDOWS\SYSTEM32\CRYPTSP.dll
0x00007ffc9bbb0000 - 0x00007ffc9bbe5000 	C:\WINDOWS\system32\rsaenh.dll
0x00007ffc9c170000 - 0x00007ffc9c199000 	C:\WINDOWS\SYSTEM32\USERENV.dll
0x00007ffc9c440000 - 0x00007ffc9c467000 	C:\WINDOWS\SYSTEM32\bcrypt.dll
0x00007ffc9c2c0000 - 0x00007ffc9c2cc000 	C:\WINDOWS\SYSTEM32\CRYPTBASE.dll
0x00007ffc9b7c0000 - 0x00007ffc9b7ed000 	C:\WINDOWS\SYSTEM32\IPHLPAPI.DLL
0x00007ffc9f520000 - 0x00007ffc9f529000 	C:\WINDOWS\System32\NSI.dll
0x00007ffc973d0000 - 0x00007ffc973e9000 	C:\WINDOWS\SYSTEM32\dhcpcsvc6.DLL
0x00007ffc98940000 - 0x00007ffc9895e000 	C:\WINDOWS\SYSTEM32\dhcpcsvc.DLL
0x00007ffc9b840000 - 0x00007ffc9b927000 	C:\WINDOWS\SYSTEM32\DNSAPI.dll

dbghelp: loaded successfully - version: 4.0.5 - missing functions: none
symbol engine: initialized successfully - sym options: 0x614 - pdb path: .;D:\Android Studio\jre\bin;C:\WINDOWS\SYSTEM32;C:\WINDOWS\WinSxS\amd64_microsoft.windows.common-controls_6595b64144ccf1df_6.0.22000.120_none_9d947278b86cc467;D:\Android Studio\jre\bin\server;C:\Users\user-pc\.gradle\native\8bec1ad78214c89d9ad589b4d07fe93259594b29d510b10fafb7a158f7737e5d\windows-amd64;C:\Users\user-pc\.gradle\native\53dbd7edfb1c66fb8903c78663c9afc45aea4f116125fa6feffd364cf09443e8\windows-amd64

VM Arguments:
jvm_args: --add-opens=java.base/java.util=ALL-UNNAMED --add-opens=java.base/java.lang=ALL-UNNAMED --add-opens=java.base/java.lang.invoke=ALL-UNNAMED --add-opens=java.base/java.util=ALL-UNNAMED --add-opens=java.prefs/java.util.prefs=ALL-UNNAMED --add-opens=java.prefs/java.util.prefs=ALL-UNNAMED --add-opens=java.base/java.nio.charset=ALL-UNNAMED --add-opens=java.base/java.net=ALL-UNNAMED --add-opens=java.base/java.util.concurrent.atomic=ALL-UNNAMED -Xmx2048m -Dfile.encoding=UTF-8 -Duser.country=GB -Duser.language=en -Duser.variant 
java_command: org.gradle.launcher.daemon.bootstrap.GradleDaemon 7.0.2
java_class_path (initial): C:\Users\user-pc\.gradle\wrapper\dists\gradle-7.0.2-bin\857tjihv64xamwrf0h14cai3r\gradle-7.0.2\lib\gradle-launcher-7.0.2.jar
Launcher Type: SUN_STANDARD

[Global flags]
     intx CICompilerCount                          = 4                                         {product} {ergonomic}
     uint ConcGCThreads                            = 3                                         {product} {ergonomic}
     uint G1ConcRefinementThreads                  = 10                                        {product} {ergonomic}
   size_t G1HeapRegionSize                         = 1048576                                   {product} {ergonomic}
    uintx GCDrainStackTargetSize                   = 64                                        {product} {ergonomic}
   size_t InitialHeapSize                          = 134217728                                 {product} {ergonomic}
   size_t MarkStackSize                            = 4194304                                   {product} {ergonomic}
   size_t MaxHeapSize                              = 2147483648                                {product} {command line}
   size_t MaxNewSize                               = 1287651328                                {product} {ergonomic}
   size_t MinHeapDeltaBytes                        = 1048576                                   {product} {ergonomic}
    uintx NonNMethodCodeHeapSize                   = 5836300                                {pd product} {ergonomic}
    uintx NonProfiledCodeHeapSize                  = 122910970                              {pd product} {ergonomic}
    uintx ProfiledCodeHeapSize                     = 122910970                              {pd product} {ergonomic}
    uintx ReservedCodeCacheSize                    = 251658240                              {pd product} {ergonomic}
     bool SegmentedCodeCache                       = true                                      {product} {ergonomic}
     bool UseCompressedClassPointers               = true                                 {lp64_product} {ergonomic}
     bool UseCompressedOops                        = true                                 {lp64_product} {ergonomic}
     bool UseG1GC                                  = true                                      {product} {ergonomic}
     bool UseLargePagesIndividualAllocation        = false                                  {pd product} {ergonomic}

Logging:
Log output configuration:
 #0: stdout all=warning uptime,level,tags
 #1: stderr all=off uptime,level,tags

Environment Variables:
PATH=D:\VMware Player\bin\;C:\Program Files\Common Files\Oracle\Java\javapath;C:\Windows\system32;C:\Windows;C:\Windows\System32\Wbem;C:\Windows\System32\WindowsPowerShell\v1.0\;C:\Windows\System32\OpenSSH\;C:\Program Files (x86)\NVIDIA Corporation\PhysX\Common;C:\Program Files\NVIDIA Corporation\NVIDIA NvDLISR;C:\WINDOWS\system32;C:\WINDOWS;C:\WINDOWS\System32\Wbem;C:\WINDOWS\System32\WindowsPowerShell\v1.0\;C:\WINDOWS\System32\OpenSSH\;D:\nodejs\;C:\Users\user-pc\AppData\Local\Microsoft\WindowsApps;C:\Users\user-pc\IntelliJ IDEA Community Edition 2020.2.2\bin;C:\Users\user-pc\AppData\Roaming\npm;D:\Microsoft VS Code\bin;C:\adb;C:\Program Files\dotnet\;C:\Program Files (x86)\dotnet\;C:\Program Files\Microsoft SQL Server\Client SDK\ODBC\170\Tools\Binn\;C:\Program Files (x86)\Microsoft SQL Server\150\Tools\Binn\;C:\Program Files\Microsoft SQL Server\150\Tools\Binn\;C:\Program Files\Microsoft SQL Server\150\DTS\Binn\;D:\Git\cmd;C:\WINDOWS\system32;C:\WINDOWS;C:\WINDOWS\System32\Wbem;C:\WINDOWS\System32\WindowsPowerShell\v1.0\;C:\WINDOWS\System32\OpenSSH\;C:\Users\user-pc\Downloads\pmd-bin-6.40.0\pmd-bin-6.40.0\bin;C:\Users\user-pc\AppData\Local\Programs\Python\Python39\Scripts\;C:\Users\user-pc\AppData\Local\Programs\Python\Python39\;C:\Users\user-pc\AppData\Local\Microsoft\WindowsApps;C:\Users\user-pc\IntelliJ IDEA Community Edition 2020.2.2\bin;;C:\Users\user-pc\AppData\Roaming\npm;D:\Microsoft VS Code\bin;C:\Program Files\mingw-w64\x86_64-8.1.0-posix-seh-rt_v6-rev0\mingw64\bin;C:\Users\user-pc\.dotnet\tools;C:\Program Files\Azure Data Studio\bin;
USERNAME=user-pc
OS=Windows_NT
PROCESSOR_IDENTIFIER=Intel64 Family 6 Model 158 Stepping 10, GenuineIntel



---------------  S Y S T E M  ---------------

OS: Windows 10 , 64 bit Build 22000 (10.0.22000.434)
OS uptime: 5 days 6:00 hours

CPU:total 12 (initial active 12) (6 cores per cpu, 2 threads per core) family 6 model 158 stepping 10 microcode 0xde, cmov, cx8, fxsr, mmx, sse, sse2, sse3, ssse3, sse4.1, sse4.2, popcnt, avx, avx2, aes, clmul, erms, 3dnowpref, lzcnt, ht, tsc, tscinvbit, bmi1, bmi2, adx, fma

Memory: 4k page, system-wide physical 8111M (561M free)
TotalPageFile size 17310M (AvailPageFile size 2M)
current process WorkingSet (physical memory assigned to process): 211M, peak: 419M
current process commit charge ("private bytes"): 411M, peak: 460M

vm_info: OpenJDK 64-Bit Server VM (11.0.10+0-b96-7249189) for windows-amd64 JRE (11.0.10+0-b96-7249189), built on Mar 31 2021 21:44:00 by "builder" with MS VC++ 14.0 (VS2015)

END.
